[20:35:41] [main/INFO]: Loading Minecraft 1.21.5 with Fabric Loader 0.16.14
[20:35:41] [main/INFO]: Fabric is preparing JARs on first launch, this may take a few seconds...
[20:35:41] [main/INFO]: Loading 60 mods:
	- antixray 1.4.10
	   |-- com_moandjiezana_toml_toml4j 0.7.2
	   \-- fabric-permissions-api-v0 0.3.3
	- easyauth 3.3.2
	   |-- at_favre_lib_bcrypt 0.10.2
	   |-- at_favre_lib_bytes 1.6.1
	   |-- com_mysql_mysql-connector-j 9.2.0
	   |-- de_mkammerer_argon2-jvm 2.12
	   |-- de_mkammerer_argon2-jvm-nolibs 2.12
	   |-- net_java_dev_jna_jna 5.16.0
	   |-- org_iq80_leveldb_leveldb 0.12
	   |-- org_iq80_leveldb_leveldb-api 0.12
	   |-- org_mongodb_bson 5.3.1
	   |-- org_mongodb_mongodb-driver-core 5.3.1
	   |-- org_mongodb_mongodb-driver-sync 5.3.1
	   |-- org_xerial_sqlite-jdbc 3.49.1.0
	   \-- server_translations_api 2.5.1+1.21.5
	        \-- packet_tweaker 0.6.0-pre.1+1.21.2-pre3
	- fabric-api 0.127.0+1.21.5
	   |-- fabric-api-base 0.4.62+73a52b4b49
	   |-- fabric-api-lookup-api-v1 1.6.96+86c3a9f149
	   |-- fabric-biome-api-v1 16.0.7+2dd063df49
	   |-- fabric-block-api-v1 1.1.0+ed91556f49
	   |-- fabric-block-view-api-v2 1.0.26+aa6d566c49
	   |-- fabric-blockrenderlayer-v1 2.0.16+86c3a9f149
	   |-- fabric-client-tags-api-v1 1.1.37+86c3a9f149
	   |-- fabric-command-api-v1 1.2.70+f71b366f49
	   |-- fabric-command-api-v2 2.2.49+73a52b4b49
	   |-- fabric-commands-v0 0.2.87+df3654b349
	   |-- fabric-content-registries-v0 10.0.14+3e6c1f7d49
	   |-- fabric-convention-tags-v1 2.1.33+7f945d5b49
	   |-- fabric-convention-tags-v2 2.15.2+6d9989f349
	   |-- fabric-crash-report-info-v1 0.3.12+86c3a9f149
	   |-- fabric-data-attachment-api-v1 1.8.4+6d9989f349
	   |-- fabric-data-generation-api-v1 22.5.0+790a8b4449
	   |-- fabric-dimensions-v1 4.0.17+3e6c1f7d49
	   |-- fabric-entity-events-v1 2.1.0+3ce7866349
	   |-- fabric-events-interaction-v0 4.0.15+64e3057949
	   |-- fabric-game-rule-api-v1 1.0.70+c327076a49
	   |-- fabric-item-api-v1 11.4.1+e46fd76a49
	   |-- fabric-item-group-api-v1 4.2.9+3459fc6149
	   |-- fabric-key-binding-api-v1 1.0.63+ecf51cdc49
	   |-- fabric-keybindings-v0 0.2.61+df3654b349
	   |-- fabric-lifecycle-events-v1 2.6.0+230071a049
	   |-- fabric-loot-api-v2 3.0.48+3f89f5a549
	   |-- fabric-loot-api-v3 1.0.36+86c3a9f149
	   |-- fabric-message-api-v1 6.1.0+fe971bba49
	   |-- fabric-model-loading-api-v1 5.2.2+5281b90749
	   |-- fabric-networking-api-v1 4.5.0+775be32c49
	   |-- fabric-object-builder-api-v1 21.1.1+b8d6ba7049
	   |-- fabric-particles-v1 4.1.2+112e550e49
	   |-- fabric-recipe-api-v1 8.1.8+3235ab3249
	   |-- fabric-registry-sync-v0 6.1.21+b556383249
	   |-- fabric-renderer-api-v1 6.1.1+bdf4842249
	   |-- fabric-renderer-indigo 3.1.1+5281b90749
	   |-- fabric-rendering-data-attachment-v1 0.3.64+73761d2e49
	   |-- fabric-rendering-fluids-v1 3.1.27+86c3a9f149
	   |-- fabric-rendering-v1 11.2.0+acfc689549
	   |-- fabric-resource-conditions-api-v1 5.0.21+73a52b4b49
	   |-- fabric-resource-loader-v0 3.1.7+847e5f5c49
	   |-- fabric-screen-api-v1 2.0.46+86c3a9f149
	   |-- fabric-screen-handler-api-v1 1.3.128+c327076a49
	   |-- fabric-sound-api-v1 1.0.38+86c3a9f149
	   |-- fabric-tag-api-v1 1.0.17+ecf51cdc49
	   |-- fabric-transfer-api-v1 5.4.24+7b20cbb049
	   \-- fabric-transitive-access-wideners-v1 6.3.17+f17a180c49
	- fabricloader 0.16.14
	   \-- mixinextras 0.4.1
	- java 26
	- minecraft 1.21.5
[20:35:42] [main/INFO]: SpongePowered MIXIN Subsystem Version=0.8.7 Source=file:/C:/Users/redpl/misc/minecraft/servers/minecraft-clasa/libraries/net/fabricmc/sponge-mixin/0.15.5+mixin.0.8.7/sponge-mixin-0.15.5+mixin.0.8.7.jar Service=Knot/Fabric Env=SERVER
[20:35:42] [main/INFO]: Compatibility level set to JAVA_17
[20:35:42] [main/INFO]: Compatibility level set to JAVA_21
[20:35:42] [main/WARN]: Error loading class: java/lang/invoke/MethodHandles$Lookup (java.lang.IllegalArgumentException: Unsupported class file major version 70)
[20:35:42] [main/WARN]: Error loading class: java/lang/invoke/MethodHandles$Lookup (java.lang.IllegalArgumentException: Unsupported class file major version 70)
[20:35:42] [main/WARN]: Error loading class: java/lang/invoke/MethodHandles$Lookup (java.lang.IllegalArgumentException: Unsupported class file major version 70)
[20:35:42] [main/WARN]: Error loading class: java/lang/invoke/MethodHandles$Lookup (java.lang.IllegalArgumentException: Unsupported class file major version 70)
[20:35:42] [main/WARN]: Error loading class: java/lang/invoke/MethodHandles$Lookup (java.lang.IllegalArgumentException: Unsupported class file major version 70)
[20:35:42] [main/WARN]: Error loading class: java/lang/invoke/MethodHandles$Lookup (java.lang.IllegalArgumentException: Unsupported class file major version 70)
[20:35:42] [main/WARN]: Error loading class: java/util/Map$Entry (java.lang.IllegalArgumentException: Unsupported class file major version 70)
[20:35:42] [main/WARN]: Error loading class: java/lang/invoke/MethodHandles$Lookup (java.lang.IllegalArgumentException: Unsupported class file major version 70)
[20:35:42] [main/WARN]: Error loading class: java/lang/invoke/MethodHandles$Lookup (java.lang.IllegalArgumentException: Unsupported class file major version 70)
[20:35:42] [main/WARN]: Error loading class: java/lang/invoke/MethodHandles$Lookup (java.lang.IllegalArgumentException: Unsupported class file major version 70)
[20:35:42] [main/WARN]: Error loading class: java/util/Map$Entry (java.lang.IllegalArgumentException: Unsupported class file major version 70)
[20:35:42] [main/WARN]: Error loading class: java/lang/invoke/MethodHandles$Lookup (java.lang.IllegalArgumentException: Unsupported class file major version 70)
[20:35:42] [main/WARN]: Error loading class: java/lang/invoke/MethodHandles$Lookup (java.lang.IllegalArgumentException: Unsupported class file major version 70)
[20:35:42] [main/WARN]: Error loading class: java/lang/invoke/MethodHandles$Lookup (java.lang.IllegalArgumentException: Unsupported class file major version 70)
[20:35:42] [main/WARN]: Error loading class: java/lang/invoke/MethodHandles$Lookup (java.lang.IllegalArgumentException: Unsupported class file major version 70)
[20:35:42] [main/WARN]: Error loading class: java/lang/invoke/MethodHandles$Lookup (java.lang.IllegalArgumentException: Unsupported class file major version 70)
[20:35:42] [main/WARN]: Error loading class: java/lang/invoke/MethodHandles$Lookup (java.lang.IllegalArgumentException: Unsupported class file major version 70)
[20:35:42] [main/WARN]: Error loading class: java/util/Map$Entry (java.lang.IllegalArgumentException: Unsupported class file major version 70)
[20:35:42] [main/WARN]: Error loading class: java/lang/invoke/MethodHandles$Lookup (java.lang.IllegalArgumentException: Unsupported class file major version 70)
[20:35:42] [main/WARN]: Error loading class: java/util/Map$Entry (java.lang.IllegalArgumentException: Unsupported class file major version 70)
[20:35:42] [main/WARN]: Error loading class: java/lang/invoke/MethodHandles$Lookup (java.lang.IllegalArgumentException: Unsupported class file major version 70)
[20:35:42] [main/WARN]: Error loading class: java/lang/invoke/MethodHandles$Lookup (java.lang.IllegalArgumentException: Unsupported class file major version 70)
[20:35:42] [main/WARN]: Error loading class: java/lang/invoke/MethodHandles$Lookup (java.lang.IllegalArgumentException: Unsupported class file major version 70)
[20:35:42] [main/WARN]: Error loading class: java/lang/invoke/MethodHandles$Lookup (java.lang.IllegalArgumentException: Unsupported class file major version 70)
[20:35:42] [main/WARN]: Error loading class: java/lang/invoke/MethodHandles$Lookup (java.lang.IllegalArgumentException: Unsupported class file major version 70)
[20:35:42] [main/WARN]: Error loading class: java/lang/invoke/MethodHandles$Lookup (java.lang.IllegalArgumentException: Unsupported class file major version 70)
[20:35:42] [main/WARN]: Error loading class: java/util/Map$Entry (java.lang.IllegalArgumentException: Unsupported class file major version 70)
[20:35:42] [main/WARN]: Error loading class: java/lang/invoke/MethodHandles$Lookup (java.lang.IllegalArgumentException: Unsupported class file major version 70)
[20:35:42] [main/WARN]: Error loading class: java/lang/invoke/MethodHandles$Lookup (java.lang.IllegalArgumentException: Unsupported class file major version 70)
[20:35:42] [main/WARN]: Error loading class: java/lang/invoke/MethodHandles$Lookup (java.lang.IllegalArgumentException: Unsupported class file major version 70)
[20:35:42] [main/WARN]: Error loading class: java/lang/invoke/MethodHandles$Lookup (java.lang.IllegalArgumentException: Unsupported class file major version 70)
[20:35:42] [main/WARN]: Error loading class: java/lang/invoke/MethodHandles$Lookup (java.lang.IllegalArgumentException: Unsupported class file major version 70)
[20:35:42] [main/WARN]: Error loading class: java/lang/invoke/MethodHandles$Lookup (java.lang.IllegalArgumentException: Unsupported class file major version 70)
[20:35:42] [main/WARN]: Error loading class: java/lang/invoke/MethodHandles$Lookup (java.lang.IllegalArgumentException: Unsupported class file major version 70)
[20:35:42] [main/WARN]: Error loading class: java/lang/invoke/MethodHandles$Lookup (java.lang.IllegalArgumentException: Unsupported class file major version 70)
[20:35:42] [main/WARN]: Error loading class: java/lang/invoke/MethodHandles$Lookup (java.lang.IllegalArgumentException: Unsupported class file major version 70)
[20:35:42] [main/WARN]: Error loading class: java/lang/invoke/MethodHandles$Lookup (java.lang.IllegalArgumentException: Unsupported class file major version 70)
[20:35:42] [main/WARN]: Error loading class: java/lang/invoke/MethodHandles$Lookup (java.lang.IllegalArgumentException: Unsupported class file major version 70)
[20:35:42] [main/WARN]: Error loading class: java/lang/invoke/MethodHandles$Lookup (java.lang.IllegalArgumentException: Unsupported class file major version 70)
[20:35:42] [main/WARN]: Error loading class: java/lang/invoke/MethodHandles$Lookup (java.lang.IllegalArgumentException: Unsupported class file major version 70)
[20:35:42] [main/WARN]: Error loading class: java/lang/invoke/MethodHandles$Lookup (java.lang.IllegalArgumentException: Unsupported class file major version 70)
[20:35:42] [main/WARN]: Error loading class: java/util/Map$Entry (java.lang.IllegalArgumentException: Unsupported class file major version 70)
[20:35:42] [main/WARN]: Error loading class: java/lang/invoke/MethodHandles$Lookup (java.lang.IllegalArgumentException: Unsupported class file major version 70)
[20:35:42] [main/WARN]: Error loading class: java/util/Map$Entry (java.lang.IllegalArgumentException: Unsupported class file major version 70)
[20:35:42] [main/WARN]: Error loading class: java/lang/invoke/MethodHandles$Lookup (java.lang.IllegalArgumentException: Unsupported class file major version 70)
[20:35:42] [main/WARN]: Error loading class: java/lang/invoke/MethodHandles$Lookup (java.lang.IllegalArgumentException: Unsupported class file major version 70)
[20:35:42] [main/WARN]: Error loading class: java/lang/invoke/MethodHandles$Lookup (java.lang.IllegalArgumentException: Unsupported class file major version 70)
[20:35:42] [main/WARN]: Error loading class: java/lang/invoke/MethodHandles$Lookup (java.lang.IllegalArgumentException: Unsupported class file major version 70)
[20:35:42] [main/WARN]: Error loading class: java/lang/invoke/MethodHandles$Lookup (java.lang.IllegalArgumentException: Unsupported class file major version 70)
[20:35:42] [main/WARN]: Error loading class: java/lang/invoke/MethodHandles$Lookup (java.lang.IllegalArgumentException: Unsupported class file major version 70)
[20:35:42] [main/WARN]: Error loading class: java/lang/invoke/MethodHandles$Lookup (java.lang.IllegalArgumentException: Unsupported class file major version 70)
[20:35:42] [main/WARN]: Error loading class: java/lang/invoke/MethodHandles$Lookup (java.lang.IllegalArgumentException: Unsupported class file major version 70)
[20:35:42] [main/WARN]: Error loading class: java/lang/invoke/MethodHandles$Lookup (java.lang.IllegalArgumentException: Unsupported class file major version 70)
[20:35:42] [main/WARN]: Error loading class: java/lang/invoke/MethodHandles$Lookup (java.lang.IllegalArgumentException: Unsupported class file major version 70)
[20:35:42] [main/WARN]: Error loading class: java/lang/invoke/MethodHandles$Lookup (java.lang.IllegalArgumentException: Unsupported class file major version 70)
[20:35:42] [main/WARN]: Error loading class: java/lang/invoke/MethodHandles$Lookup (java.lang.IllegalArgumentException: Unsupported class file major version 70)
[20:35:42] [main/INFO]: Initializing MixinExtras via com.llamalad7.mixinextras.service.MixinExtrasServiceImpl(version=0.4.1).
[20:35:42] [main/WARN]: Error loading class: java/lang/String (java.lang.IllegalArgumentException: Unsupported class file major version 70)
[20:35:42] [main/ERROR]: Mixin apply for mod fabric-data-generation-api-v1 failed fabric-data-generation-api-v1.mixins.json:server.MainMixin from mod fabric-data-generation-api-v1 -> net.minecraft.server.Main: org.spongepowered.asm.mixin.transformer.throwables.InvalidMixinException Unexpecteded ClassMetadataNotFoundException whilst transforming the mixin class: [MAIN Applicator Phase -> fabric-data-generation-api-v1.mixins.json:server.MainMixin from mod fabric-data-generation-api-v1 -> Apply Methods -> ([Ljava/lang/String;Lorg/spongepowered/asm/mixin/injection/callback/CallbackInfo;)V:handler$zdl000$fabric-data-generation-api-v1$main -> Transform LVT -> var=args -> desc=[Ljava/lang/String;]
org.spongepowered.asm.mixin.transformer.throwables.InvalidMixinException: Unexpecteded ClassMetadataNotFoundException whilst transforming the mixin class: [MAIN Applicator Phase -> fabric-data-generation-api-v1.mixins.json:server.MainMixin from mod fabric-data-generation-api-v1 -> Apply Methods -> ([Ljava/lang/String;Lorg/spongepowered/asm/mixin/injection/callback/CallbackInfo;)V:handler$zdl000$fabric-data-generation-api-v1$main -> Transform LVT -> var=args -> desc=[Ljava/lang/String;]
	at org.spongepowered.asm.mixin.transformer.MixinTargetContext.transformMethod(MixinTargetContext.java:520) ~[sponge-mixin-0.15.5+mixin.0.8.7.jar:0.15.5+mixin.0.8.7]
	at org.spongepowered.asm.mixin.transformer.MixinApplicatorStandard.applyNormalMethod(MixinApplicatorStandard.java:463) ~[sponge-mixin-0.15.5+mixin.0.8.7.jar:0.15.5+mixin.0.8.7]
	at org.spongepowered.asm.mixin.transformer.MixinApplicatorStandard.applyMethods(MixinApplicatorStandard.java:449) ~[sponge-mixin-0.15.5+mixin.0.8.7.jar:0.15.5+mixin.0.8.7]
	at org.spongepowered.asm.mixin.transformer.MixinApplicatorStandard.applyMixin(MixinApplicatorStandard.java:308) ~[sponge-mixin-0.15.5+mixin.0.8.7.jar:0.15.5+mixin.0.8.7]
	at org.spongepowered.asm.mixin.transformer.MixinApplicatorStandard.apply(MixinApplicatorStandard.java:246) ~[sponge-mixin-0.15.5+mixin.0.8.7.jar:0.15.5+mixin.0.8.7]
	at org.spongepowered.asm.mixin.transformer.TargetClassContext.apply(TargetClassContext.java:437) ~[sponge-mixin-0.15.5+mixin.0.8.7.jar:0.15.5+mixin.0.8.7]
	at org.spongepowered.asm.mixin.transformer.TargetClassContext.applyMixins(TargetClassContext.java:418) ~[sponge-mixin-0.15.5+mixin.0.8.7.jar:0.15.5+mixin.0.8.7]
	at org.spongepowered.asm.mixin.transformer.MixinProcessor.applyMixins(MixinProcessor.java:363) [sponge-mixin-0.15.5+mixin.0.8.7.jar:0.15.5+mixin.0.8.7]
	at org.spongepowered.asm.mixin.transformer.MixinTransformer.transformClass(MixinTransformer.java:234) [sponge-mixin-0.15.5+mixin.0.8.7.jar:0.15.5+mixin.0.8.7]
	at org.spongepowered.asm.mixin.transformer.MixinTransformer.transformClassBytes(MixinTransformer.java:202) [sponge-mixin-0.15.5+mixin.0.8.7.jar:0.15.5+mixin.0.8.7]
	at net.fabricmc.loader.impl.launch.knot.KnotClassDelegate.getPostMixinClassByteArray(KnotClassDelegate.java:422) [fabric-loader-0.16.14.jar:?]
	at net.fabricmc.loader.impl.launch.knot.KnotClassDelegate.tryLoadClass(KnotClassDelegate.java:323) [fabric-loader-0.16.14.jar:?]
	at net.fabricmc.loader.impl.launch.knot.KnotClassDelegate.loadClass(KnotClassDelegate.java:218) [fabric-loader-0.16.14.jar:?]
	at net.fabricmc.loader.impl.launch.knot.KnotClassLoader.loadClass(KnotClassLoader.java:119) [fabric-loader-0.16.14.jar:?]
	at java.base/java.lang.ClassLoader.loadClass(ClassLoader.java:502) [?:?]
	at net.fabricmc.loader.impl.game.minecraft.MinecraftGameProvider.launch(MinecraftGameProvider.java:473) [fabric-loader-0.16.14.jar:?]
	at net.fabricmc.loader.impl.launch.knot.Knot.launch(Knot.java:74) [fabric-loader-0.16.14.jar:?]
	at net.fabricmc.loader.impl.launch.knot.KnotServer.main(KnotServer.java:23) [fabric-loader-0.16.14.jar:?]
	at net.fabricmc.loader.impl.launch.server.FabricServerLauncher.main(FabricServerLauncher.java:69) [fabric-loader-0.16.14.jar:?]
	at net.fabricmc.installer.ServerLauncher.main(ServerLauncher.java:69) [fabric-server-mc.1.21.5-loader.0.16.14-launcher.1.0.3.jar:1.0.3]
Caused by: org.spongepowered.asm.mixin.throwables.ClassMetadataNotFoundException: java.lang.String
	at org.spongepowered.asm.mixin.transformer.MixinTargetContext.transformSingleDescriptor(MixinTargetContext.java:1016) ~[sponge-mixin-0.15.5+mixin.0.8.7.jar:0.15.5+mixin.0.8.7]
	at org.spongepowered.asm.mixin.transformer.MixinTargetContext.transformSingleDescriptor(MixinTargetContext.java:976) ~[sponge-mixin-0.15.5+mixin.0.8.7.jar:0.15.5+mixin.0.8.7]
	at org.spongepowered.asm.mixin.transformer.MixinTargetContext.transformLVT(MixinTargetContext.java:573) ~[sponge-mixin-0.15.5+mixin.0.8.7.jar:0.15.5+mixin.0.8.7]
	at org.spongepowered.asm.mixin.transformer.MixinTargetContext.transformMethod(MixinTargetContext.java:479) ~[sponge-mixin-0.15.5+mixin.0.8.7.jar:0.15.5+mixin.0.8.7]
	... 19 more
[20:35:42] [main/ERROR]: Uncaught exception in thread "main"
java.lang.RuntimeException: An exception occurred when launching the server!
	at net.fabricmc.loader.impl.launch.server.FabricServerLauncher.main(FabricServerLauncher.java:71) ~[fabric-loader-0.16.14.jar:?]
	at net.fabricmc.installer.ServerLauncher.main(ServerLauncher.java:69) ~[fabric-server-mc.1.21.5-loader.0.16.14-launcher.1.0.3.jar:1.0.3]
Caused by: java.lang.RuntimeException: Mixin transformation of net.minecraft.server.Main failed
	at net.fabricmc.loader.impl.launch.knot.KnotClassDelegate.getPostMixinClassByteArray(KnotClassDelegate.java:427) ~[fabric-loader-0.16.14.jar:?]
	at net.fabricmc.loader.impl.launch.knot.KnotClassDelegate.tryLoadClass(KnotClassDelegate.java:323) ~[fabric-loader-0.16.14.jar:?]
	at net.fabricmc.loader.impl.launch.knot.KnotClassDelegate.loadClass(KnotClassDelegate.java:218) ~[fabric-loader-0.16.14.jar:?]
	at net.fabricmc.loader.impl.launch.knot.KnotClassLoader.loadClass(KnotClassLoader.java:119) ~[fabric-loader-0.16.14.jar:?]
	at java.base/java.lang.ClassLoader.loadClass(ClassLoader.java:502) ~[?:?]
	at net.fabricmc.loader.impl.game.minecraft.MinecraftGameProvider.launch(MinecraftGameProvider.java:473) ~[fabric-loader-0.16.14.jar:?]
	at net.fabricmc.loader.impl.launch.knot.Knot.launch(Knot.java:74) ~[fabric-loader-0.16.14.jar:?]
	at net.fabricmc.loader.impl.launch.knot.KnotServer.main(KnotServer.java:23) ~[fabric-loader-0.16.14.jar:?]
	at net.fabricmc.loader.impl.launch.server.FabricServerLauncher.main(FabricServerLauncher.java:69) ~[fabric-loader-0.16.14.jar:?]
	... 1 more
Caused by: org.spongepowered.asm.mixin.transformer.throwables.MixinTransformerError: An unexpected critical error was encountered
	at org.spongepowered.asm.mixin.transformer.MixinProcessor.applyMixins(MixinProcessor.java:392) ~[sponge-mixin-0.15.5+mixin.0.8.7.jar:0.15.5+mixin.0.8.7]
	at org.spongepowered.asm.mixin.transformer.MixinTransformer.transformClass(MixinTransformer.java:234) ~[sponge-mixin-0.15.5+mixin.0.8.7.jar:0.15.5+mixin.0.8.7]
	at org.spongepowered.asm.mixin.transformer.MixinTransformer.transformClassBytes(MixinTransformer.java:202) ~[sponge-mixin-0.15.5+mixin.0.8.7.jar:0.15.5+mixin.0.8.7]
	at net.fabricmc.loader.impl.launch.knot.KnotClassDelegate.getPostMixinClassByteArray(KnotClassDelegate.java:422) ~[fabric-loader-0.16.14.jar:?]
	at net.fabricmc.loader.impl.launch.knot.KnotClassDelegate.tryLoadClass(KnotClassDelegate.java:323) ~[fabric-loader-0.16.14.jar:?]
	at net.fabricmc.loader.impl.launch.knot.KnotClassDelegate.loadClass(KnotClassDelegate.java:218) ~[fabric-loader-0.16.14.jar:?]
	at net.fabricmc.loader.impl.launch.knot.KnotClassLoader.loadClass(KnotClassLoader.java:119) ~[fabric-loader-0.16.14.jar:?]
	at java.base/java.lang.ClassLoader.loadClass(ClassLoader.java:502) ~[?:?]
	at net.fabricmc.loader.impl.game.minecraft.MinecraftGameProvider.launch(MinecraftGameProvider.java:473) ~[fabric-loader-0.16.14.jar:?]
	at net.fabricmc.loader.impl.launch.knot.Knot.launch(Knot.java:74) ~[fabric-loader-0.16.14.jar:?]
	at net.fabricmc.loader.impl.launch.knot.KnotServer.main(KnotServer.java:23) ~[fabric-loader-0.16.14.jar:?]
	at net.fabricmc.loader.impl.launch.server.FabricServerLauncher.main(FabricServerLauncher.java:69) ~[fabric-loader-0.16.14.jar:?]
	... 1 more
Caused by: org.spongepowered.asm.mixin.throwables.MixinApplyError: Mixin [fabric-data-generation-api-v1.mixins.json:server.MainMixin from mod fabric-data-generation-api-v1] from phase [DEFAULT] in config [fabric-data-generation-api-v1.mixins.json] FAILED during APPLY
	at org.spongepowered.asm.mixin.transformer.MixinProcessor.handleMixinError(MixinProcessor.java:638) ~[sponge-mixin-0.15.5+mixin.0.8.7.jar:0.15.5+mixin.0.8.7]
	at org.spongepowered.asm.mixin.transformer.MixinProcessor.handleMixinApplyError(MixinProcessor.java:589) ~[sponge-mixin-0.15.5+mixin.0.8.7.jar:0.15.5+mixin.0.8.7]
	at org.spongepowered.asm.mixin.transformer.MixinProcessor.applyMixins(MixinProcessor.java:379) ~[sponge-mixin-0.15.5+mixin.0.8.7.jar:0.15.5+mixin.0.8.7]
	at org.spongepowered.asm.mixin.transformer.MixinTransformer.transformClass(MixinTransformer.java:234) ~[sponge-mixin-0.15.5+mixin.0.8.7.jar:0.15.5+mixin.0.8.7]
	at org.spongepowered.asm.mixin.transformer.MixinTransformer.transformClassBytes(MixinTransformer.java:202) ~[sponge-mixin-0.15.5+mixin.0.8.7.jar:0.15.5+mixin.0.8.7]
	at net.fabricmc.loader.impl.launch.knot.KnotClassDelegate.getPostMixinClassByteArray(KnotClassDelegate.java:422) ~[fabric-loader-0.16.14.jar:?]
	at net.fabricmc.loader.impl.launch.knot.KnotClassDelegate.tryLoadClass(KnotClassDelegate.java:323) ~[fabric-loader-0.16.14.jar:?]
	at net.fabricmc.loader.impl.launch.knot.KnotClassDelegate.loadClass(KnotClassDelegate.java:218) ~[fabric-loader-0.16.14.jar:?]
	at net.fabricmc.loader.impl.launch.knot.KnotClassLoader.loadClass(KnotClassLoader.java:119) ~[fabric-loader-0.16.14.jar:?]
	at java.base/java.lang.ClassLoader.loadClass(ClassLoader.java:502) ~[?:?]
	at net.fabricmc.loader.impl.game.minecraft.MinecraftGameProvider.launch(MinecraftGameProvider.java:473) ~[fabric-loader-0.16.14.jar:?]
	at net.fabricmc.loader.impl.launch.knot.Knot.launch(Knot.java:74) ~[fabric-loader-0.16.14.jar:?]
	at net.fabricmc.loader.impl.launch.knot.KnotServer.main(KnotServer.java:23) ~[fabric-loader-0.16.14.jar:?]
	at net.fabricmc.loader.impl.launch.server.FabricServerLauncher.main(FabricServerLauncher.java:69) ~[fabric-loader-0.16.14.jar:?]
	... 1 more
Caused by: org.spongepowered.asm.mixin.transformer.throwables.InvalidMixinException: Unexpecteded ClassMetadataNotFoundException whilst transforming the mixin class: [MAIN Applicator Phase -> fabric-data-generation-api-v1.mixins.json:server.MainMixin from mod fabric-data-generation-api-v1 -> Apply Methods -> ([Ljava/lang/String;Lorg/spongepowered/asm/mixin/injection/callback/CallbackInfo;)V:handler$zdl000$fabric-data-generation-api-v1$main -> Transform LVT -> var=args -> desc=[Ljava/lang/String;]
	at org.spongepowered.asm.mixin.transformer.MixinTargetContext.transformMethod(MixinTargetContext.java:520) ~[sponge-mixin-0.15.5+mixin.0.8.7.jar:0.15.5+mixin.0.8.7]
	at org.spongepowered.asm.mixin.transformer.MixinApplicatorStandard.applyNormalMethod(MixinApplicatorStandard.java:463) ~[sponge-mixin-0.15.5+mixin.0.8.7.jar:0.15.5+mixin.0.8.7]
	at org.spongepowered.asm.mixin.transformer.MixinApplicatorStandard.applyMethods(MixinApplicatorStandard.java:449) ~[sponge-mixin-0.15.5+mixin.0.8.7.jar:0.15.5+mixin.0.8.7]
	at org.spongepowered.asm.mixin.transformer.MixinApplicatorStandard.applyMixin(MixinApplicatorStandard.java:308) ~[sponge-mixin-0.15.5+mixin.0.8.7.jar:0.15.5+mixin.0.8.7]
	at org.spongepowered.asm.mixin.transformer.MixinApplicatorStandard.apply(MixinApplicatorStandard.java:246) ~[sponge-mixin-0.15.5+mixin.0.8.7.jar:0.15.5+mixin.0.8.7]
	at org.spongepowered.asm.mixin.transformer.TargetClassContext.apply(TargetClassContext.java:437) ~[sponge-mixin-0.15.5+mixin.0.8.7.jar:0.15.5+mixin.0.8.7]
	at org.spongepowered.asm.mixin.transformer.TargetClassContext.applyMixins(TargetClassContext.java:418) ~[sponge-mixin-0.15.5+mixin.0.8.7.jar:0.15.5+mixin.0.8.7]
	at org.spongepowered.asm.mixin.transformer.MixinProcessor.applyMixins(MixinProcessor.java:363) ~[sponge-mixin-0.15.5+mixin.0.8.7.jar:0.15.5+mixin.0.8.7]
	at org.spongepowered.asm.mixin.transformer.MixinTransformer.transformClass(MixinTransformer.java:234) ~[sponge-mixin-0.15.5+mixin.0.8.7.jar:0.15.5+mixin.0.8.7]
	at org.spongepowered.asm.mixin.transformer.MixinTransformer.transformClassBytes(MixinTransformer.java:202) ~[sponge-mixin-0.15.5+mixin.0.8.7.jar:0.15.5+mixin.0.8.7]
	at net.fabricmc.loader.impl.launch.knot.KnotClassDelegate.getPostMixinClassByteArray(KnotClassDelegate.java:422) ~[fabric-loader-0.16.14.jar:?]
	at net.fabricmc.loader.impl.launch.knot.KnotClassDelegate.tryLoadClass(KnotClassDelegate.java:323) ~[fabric-loader-0.16.14.jar:?]
	at net.fabricmc.loader.impl.launch.knot.KnotClassDelegate.loadClass(KnotClassDelegate.java:218) ~[fabric-loader-0.16.14.jar:?]
	at net.fabricmc.loader.impl.launch.knot.KnotClassLoader.loadClass(KnotClassLoader.java:119) ~[fabric-loader-0.16.14.jar:?]
	at java.base/java.lang.ClassLoader.loadClass(ClassLoader.java:502) ~[?:?]
	at net.fabricmc.loader.impl.game.minecraft.MinecraftGameProvider.launch(MinecraftGameProvider.java:473) ~[fabric-loader-0.16.14.jar:?]
	at net.fabricmc.loader.impl.launch.knot.Knot.launch(Knot.java:74) ~[fabric-loader-0.16.14.jar:?]
	at net.fabricmc.loader.impl.launch.knot.KnotServer.main(KnotServer.java:23) ~[fabric-loader-0.16.14.jar:?]
	at net.fabricmc.loader.impl.launch.server.FabricServerLauncher.main(FabricServerLauncher.java:69) ~[fabric-loader-0.16.14.jar:?]
	... 1 more
Caused by: org.spongepowered.asm.mixin.throwables.ClassMetadataNotFoundException: java.lang.String
	at org.spongepowered.asm.mixin.transformer.MixinTargetContext.transformSingleDescriptor(MixinTargetContext.java:1016) ~[sponge-mixin-0.15.5+mixin.0.8.7.jar:0.15.5+mixin.0.8.7]
	at org.spongepowered.asm.mixin.transformer.MixinTargetContext.transformSingleDescriptor(MixinTargetContext.java:976) ~[sponge-mixin-0.15.5+mixin.0.8.7.jar:0.15.5+mixin.0.8.7]
	at org.spongepowered.asm.mixin.transformer.MixinTargetContext.transformLVT(MixinTargetContext.java:573) ~[sponge-mixin-0.15.5+mixin.0.8.7.jar:0.15.5+mixin.0.8.7]
	at org.spongepowered.asm.mixin.transformer.MixinTargetContext.transformMethod(MixinTargetContext.java:479) ~[sponge-mixin-0.15.5+mixin.0.8.7.jar:0.15.5+mixin.0.8.7]
	at org.spongepowered.asm.mixin.transformer.MixinApplicatorStandard.applyNormalMethod(MixinApplicatorStandard.java:463) ~[sponge-mixin-0.15.5+mixin.0.8.7.jar:0.15.5+mixin.0.8.7]
	at org.spongepowered.asm.mixin.transformer.MixinApplicatorStandard.applyMethods(MixinApplicatorStandard.java:449) ~[sponge-mixin-0.15.5+mixin.0.8.7.jar:0.15.5+mixin.0.8.7]
	at org.spongepowered.asm.mixin.transformer.MixinApplicatorStandard.applyMixin(MixinApplicatorStandard.java:308) ~[sponge-mixin-0.15.5+mixin.0.8.7.jar:0.15.5+mixin.0.8.7]
	at org.spongepowered.asm.mixin.transformer.MixinApplicatorStandard.apply(MixinApplicatorStandard.java:246) ~[sponge-mixin-0.15.5+mixin.0.8.7.jar:0.15.5+mixin.0.8.7]
	at org.spongepowered.asm.mixin.transformer.TargetClassContext.apply(TargetClassContext.java:437) ~[sponge-mixin-0.15.5+mixin.0.8.7.jar:0.15.5+mixin.0.8.7]
	at org.spongepowered.asm.mixin.transformer.TargetClassContext.applyMixins(TargetClassContext.java:418) ~[sponge-mixin-0.15.5+mixin.0.8.7.jar:0.15.5+mixin.0.8.7]
	at org.spongepowered.asm.mixin.transformer.MixinProcessor.applyMixins(MixinProcessor.java:363) ~[sponge-mixin-0.15.5+mixin.0.8.7.jar:0.15.5+mixin.0.8.7]
	at org.spongepowered.asm.mixin.transformer.MixinTransformer.transformClass(MixinTransformer.java:234) ~[sponge-mixin-0.15.5+mixin.0.8.7.jar:0.15.5+mixin.0.8.7]
	at org.spongepowered.asm.mixin.transformer.MixinTransformer.transformClassBytes(MixinTransformer.java:202) ~[sponge-mixin-0.15.5+mixin.0.8.7.jar:0.15.5+mixin.0.8.7]
	at net.fabricmc.loader.impl.launch.knot.KnotClassDelegate.getPostMixinClassByteArray(KnotClassDelegate.java:422) ~[fabric-loader-0.16.14.jar:?]
	at net.fabricmc.loader.impl.launch.knot.KnotClassDelegate.tryLoadClass(KnotClassDelegate.java:323) ~[fabric-loader-0.16.14.jar:?]
	at net.fabricmc.loader.impl.launch.knot.KnotClassDelegate.loadClass(KnotClassDelegate.java:218) ~[fabric-loader-0.16.14.jar:?]
	at net.fabricmc.loader.impl.launch.knot.KnotClassLoader.loadClass(KnotClassLoader.java:119) ~[fabric-loader-0.16.14.jar:?]
	at java.base/java.lang.ClassLoader.loadClass(ClassLoader.java:502) ~[?:?]
	at net.fabricmc.loader.impl.game.minecraft.MinecraftGameProvider.launch(MinecraftGameProvider.java:473) ~[fabric-loader-0.16.14.jar:?]
	at net.fabricmc.loader.impl.launch.knot.Knot.launch(Knot.java:74) ~[fabric-loader-0.16.14.jar:?]
	at net.fabricmc.loader.impl.launch.knot.KnotServer.main(KnotServer.java:23) ~[fabric-loader-0.16.14.jar:?]
	at net.fabricmc.loader.impl.launch.server.FabricServerLauncher.main(FabricServerLauncher.java:69) ~[fabric-loader-0.16.14.jar:?]
	... 1 more
